[2019-06-06 16:38:21,879] {__init__.py:1139} INFO - Dependencies all met for <TaskInstance: weatherDag.get_weather 2019-06-06T23:37:24.103537+00:00 [queued]>
[2019-06-06 16:38:21,888] {__init__.py:1139} INFO - Dependencies all met for <TaskInstance: weatherDag.get_weather 2019-06-06T23:37:24.103537+00:00 [queued]>
[2019-06-06 16:38:21,889] {__init__.py:1353} INFO - 
--------------------------------------------------------------------------------
[2019-06-06 16:38:21,889] {__init__.py:1354} INFO - Starting attempt 1 of 6
[2019-06-06 16:38:21,889] {__init__.py:1355} INFO - 
--------------------------------------------------------------------------------
[2019-06-06 16:38:22,010] {__init__.py:1374} INFO - Executing <Task(BashOperator): get_weather> on 2019-06-06T23:37:24.103537+00:00
[2019-06-06 16:38:22,011] {base_task_runner.py:119} INFO - Running: [u'airflow', u'run', 'weatherDag', 'get_weather', '2019-06-06T23:37:24.103537+00:00', u'--job_id', '63', u'--raw', u'-sd', u'DAGS_FOLDER//home/micah/Desktop/Work/ETL/weatherDag.py', u'--cfg_path', '/tmp/tmpkrmBQD']
[2019-06-06 16:38:22,215] {base_task_runner.py:101} INFO - Job 63: Subtask get_weather /home/micah/Desktop/Work/ETL/airflow_virtualenv/local/lib/python2.7/site-packages/airflow/configuration.py:590: DeprecationWarning: You have two airflow.cfg files: /home/micah/airflow/airflow.cfg and airflow_home/airflow.cfg. Airflow used to look at ~/airflow/airflow.cfg, even when AIRFLOW_HOME was set to a different value. Airflow will now only read airflow_home/airflow.cfg, and you should remove the other file
[2019-06-06 16:38:22,216] {base_task_runner.py:101} INFO - Job 63: Subtask get_weather   category=DeprecationWarning,
[2019-06-06 16:38:22,614] {base_task_runner.py:101} INFO - Job 63: Subtask get_weather [2019-06-06 16:38:22,614] {__init__.py:51} INFO - Using executor SequentialExecutor
[2019-06-06 16:38:22,881] {base_task_runner.py:101} INFO - Job 63: Subtask get_weather [2019-06-06 16:38:22,880] {__init__.py:305} INFO - Filling up the DagBag from /home/micah/Desktop/Work/ETL/airflow_home/dags/home/micah/Desktop/Work/ETL/weatherDag.py
[2019-06-06 16:38:22,939] {base_task_runner.py:101} INFO - Job 63: Subtask get_weather Traceback (most recent call last):
[2019-06-06 16:38:22,940] {base_task_runner.py:101} INFO - Job 63: Subtask get_weather   File "/home/micah/Desktop/Work/ETL/airflow_virtualenv/bin/airflow", line 32, in <module>
[2019-06-06 16:38:22,940] {base_task_runner.py:101} INFO - Job 63: Subtask get_weather     args.func(args)
[2019-06-06 16:38:22,940] {base_task_runner.py:101} INFO - Job 63: Subtask get_weather   File "/home/micah/Desktop/Work/ETL/airflow_virtualenv/local/lib/python2.7/site-packages/airflow/utils/cli.py", line 74, in wrapper
[2019-06-06 16:38:22,940] {base_task_runner.py:101} INFO - Job 63: Subtask get_weather     return f(*args, **kwargs)
[2019-06-06 16:38:22,940] {base_task_runner.py:101} INFO - Job 63: Subtask get_weather   File "/home/micah/Desktop/Work/ETL/airflow_virtualenv/local/lib/python2.7/site-packages/airflow/bin/cli.py", line 501, in run
[2019-06-06 16:38:22,940] {base_task_runner.py:101} INFO - Job 63: Subtask get_weather     dag = get_dag(args)
[2019-06-06 16:38:22,941] {base_task_runner.py:101} INFO - Job 63: Subtask get_weather   File "/home/micah/Desktop/Work/ETL/airflow_virtualenv/local/lib/python2.7/site-packages/airflow/bin/cli.py", line 145, in get_dag
[2019-06-06 16:38:22,941] {base_task_runner.py:101} INFO - Job 63: Subtask get_weather     'parse.'.format(args.dag_id))
[2019-06-06 16:38:22,941] {base_task_runner.py:101} INFO - Job 63: Subtask get_weather airflow.exceptions.AirflowException: dag_id could not be found: weatherDag. Either the dag did not exist or it failed to parse.
[2019-06-06 16:38:26,878] {logging_mixin.py:95} INFO - [2019-06-06 16:38:26,878] {jobs.py:2562} INFO - Task exited with return code 1
