[2019-06-06 15:01:12,332] {__init__.py:1139} INFO - Dependencies all met for <TaskInstance: weatherDag.get_weather 2019-06-04T00:00:00+00:00 [queued]>
[2019-06-06 15:01:12,335] {__init__.py:1139} INFO - Dependencies all met for <TaskInstance: weatherDag.get_weather 2019-06-04T00:00:00+00:00 [queued]>
[2019-06-06 15:01:12,336] {__init__.py:1353} INFO - 
--------------------------------------------------------------------------------
[2019-06-06 15:01:12,336] {__init__.py:1354} INFO - Starting attempt 5 of 6
[2019-06-06 15:01:12,336] {__init__.py:1355} INFO - 
--------------------------------------------------------------------------------
[2019-06-06 15:01:12,448] {__init__.py:1374} INFO - Executing <Task(BashOperator): get_weather> on 2019-06-04T00:00:00+00:00
[2019-06-06 15:01:12,449] {base_task_runner.py:119} INFO - Running: [u'airflow', u'run', 'weatherDag', 'get_weather', '2019-06-04T00:00:00+00:00', u'--job_id', '16', u'--raw', u'-sd', u'DAGS_FOLDER//home/micah/Desktop/Work/ETL/weatherDag.py', u'--cfg_path', '/tmp/tmpjWzisN']
[2019-06-06 15:01:12,720] {base_task_runner.py:101} INFO - Job 16: Subtask get_weather /home/micah/Desktop/Work/ETL/airflow_virtualenv/local/lib/python2.7/site-packages/airflow/configuration.py:590: DeprecationWarning: You have two airflow.cfg files: /home/micah/airflow/airflow.cfg and airflow_home/airflow.cfg. Airflow used to look at ~/airflow/airflow.cfg, even when AIRFLOW_HOME was set to a different value. Airflow will now only read airflow_home/airflow.cfg, and you should remove the other file
[2019-06-06 15:01:12,721] {base_task_runner.py:101} INFO - Job 16: Subtask get_weather   category=DeprecationWarning,
[2019-06-06 15:01:13,270] {base_task_runner.py:101} INFO - Job 16: Subtask get_weather [2019-06-06 15:01:13,270] {__init__.py:51} INFO - Using executor SequentialExecutor
[2019-06-06 15:01:13,657] {base_task_runner.py:101} INFO - Job 16: Subtask get_weather [2019-06-06 15:01:13,657] {__init__.py:305} INFO - Filling up the DagBag from /home/micah/Desktop/Work/ETL/airflow_home/dags/home/micah/Desktop/Work/ETL/weatherDag.py
[2019-06-06 15:01:13,705] {base_task_runner.py:101} INFO - Job 16: Subtask get_weather Traceback (most recent call last):
[2019-06-06 15:01:13,706] {base_task_runner.py:101} INFO - Job 16: Subtask get_weather   File "/home/micah/Desktop/Work/ETL/airflow_virtualenv/bin/airflow", line 32, in <module>
[2019-06-06 15:01:13,706] {base_task_runner.py:101} INFO - Job 16: Subtask get_weather     args.func(args)
[2019-06-06 15:01:13,706] {base_task_runner.py:101} INFO - Job 16: Subtask get_weather   File "/home/micah/Desktop/Work/ETL/airflow_virtualenv/local/lib/python2.7/site-packages/airflow/utils/cli.py", line 74, in wrapper
[2019-06-06 15:01:13,706] {base_task_runner.py:101} INFO - Job 16: Subtask get_weather     return f(*args, **kwargs)
[2019-06-06 15:01:13,706] {base_task_runner.py:101} INFO - Job 16: Subtask get_weather   File "/home/micah/Desktop/Work/ETL/airflow_virtualenv/local/lib/python2.7/site-packages/airflow/bin/cli.py", line 501, in run
[2019-06-06 15:01:13,706] {base_task_runner.py:101} INFO - Job 16: Subtask get_weather     dag = get_dag(args)
[2019-06-06 15:01:13,706] {base_task_runner.py:101} INFO - Job 16: Subtask get_weather   File "/home/micah/Desktop/Work/ETL/airflow_virtualenv/local/lib/python2.7/site-packages/airflow/bin/cli.py", line 145, in get_dag
[2019-06-06 15:01:13,706] {base_task_runner.py:101} INFO - Job 16: Subtask get_weather     'parse.'.format(args.dag_id))
[2019-06-06 15:01:13,707] {base_task_runner.py:101} INFO - Job 16: Subtask get_weather airflow.exceptions.AirflowException: dag_id could not be found: weatherDag. Either the dag did not exist or it failed to parse.
[2019-06-06 15:01:17,307] {logging_mixin.py:95} INFO - [2019-06-06 15:01:17,307] {jobs.py:2562} INFO - Task exited with return code 1
